#
# A fatal error has been detected by the Java Runtime Environment:
#
#  EXCEPTION_ACCESS_VIOLATION (0xc0000005) at pc=0x0000000068638855, pid=8368, tid=8444
#
# JRE version: Java(TM) SE Runtime Environment (8.0_65-b17) (build 1.8.0_65-b17)
# Java VM: Java HotSpot(TM) 64-Bit Server VM (25.65-b01 mixed mode windows-amd64 compressed oops)
# Problematic frame:
# V  [jvm.dll+0x128855]
#
# Failed to write core dump. Minidumps are not enabled by default on client versions of Windows
#
# If you would like to submit a bug report, please visit:
#   http://bugreport.java.com/bugreport/crash.jsp
#

---------------  T H R E A D  ---------------

Current thread (0x00000000189c7000):  JavaThread "JDWP Transport Listener: dt_socket" daemon [_thread_in_vm, id=8444, stack(0x00000000193b0000,0x00000000194b0000)]

siginfo: ExceptionCode=0xc0000005, reading address 0xffffffffffffffff

Registers:
RAX=0x00000000194af701, RBX=0x00000000189c7000, RCX=0x00b503003b00302d, RDX=0x0000000000000000
RSP=0x00000000194af6c0, RBP=0x00b503003b00302d, RSI=0x00000000194af7d8, RDI=0x00000000025b8930
R8 =0x00000000189c7000, R9 =0x000000000000ff00, R10=0x5b3b3e2a3c737361, R11=0x0000000900080008
R12=0x0000000000000000, R13=0x00000000189c8b38, R14=0x0000000000000000, R15=0x0000000000000000
RIP=0x0000000068638855, EFLAGS=0x0000000000010206

Top of Stack: (sp=0x00000000194af6c0)
0x00000000194af6c0:   00000000189c7000 00000000189c7000
0x00000000194af6d0:   00000000194af788 000000006883e19b
0x00000000194af6e0:   00000000189c7000 000000006885a9fd
0x00000000194af6f0:   0000000000000054 000000005b6b9155
0x00000000194af700:   000000001fca90f8 000000005b6c291e
0x00000000194af710:   00000000189c7000 0000000000000000
0x00000000194af720:   0000000000000000 0000000000000000
0x00000000194af730:   00b503003b00302d 000000005b6c1a15
0x00000000194af740:   00000000194af7d8 00000000194af7b0
0x00000000194af750:   0000000000000001 000000001fca90f8
0x00000000194af760:   00b503003b00302d 000000005b6a53b3
0x00000000194af770:   00000000194af8a0 0000000000000001
0x00000000194af780:   0000000000000001 000000001fca90f8
0x00000000194af790:   000000000000008a 0000000000000000
0x00000000194af7a0:   0000000000000000 0000000000000000
0x00000000194af7b0:   0000000000000001 000000005b6a5571 

Instructions: (pc=0x0000000068638855)
0x0000000068638835:   cc cc cc cc cc cc cc cc cc cc cc 48 83 ec 28 48
0x0000000068638845:   85 c9 75 07 33 c0 48 83 c4 28 c3 48 89 5c 24 20
0x0000000068638855:   48 8b 19 48 85 db 74 20 48 83 fb 37 74 1a 48 8b
0x0000000068638865:   13 48 8b cb ff 52 10 84 c0 74 0d 48 8b c3 48 8b 


Register to memory mapping:

RAX=0x00000000194af701 is pointing into the stack for thread: 0x00000000189c7000
RBX=0x00000000189c7000 is a thread
RCX=0x00b503003b00302d is an unknown value
RDX=0x0000000000000000 is an unknown value
RSP=0x00000000194af6c0 is pointing into the stack for thread: 0x00000000189c7000
RBP=0x00b503003b00302d is an unknown value
RSI=0x00000000194af7d8 is pointing into the stack for thread: 0x00000000189c7000
RDI=0x00000000025b8930 is an unknown value
R8 =0x00000000189c7000 is a thread
R9 =0x000000000000ff00 is an unknown value
R10=0x5b3b3e2a3c737361 is an unknown value
R11=0x0000000900080008 is an unknown value
R12=0x0000000000000000 is an unknown value
R13=0x00000000189c8b38 is an unknown value
R14=0x0000000000000000 is an unknown value
R15=0x0000000000000000 is an unknown value


Stack: [0x00000000193b0000,0x00000000194b0000],  sp=0x00000000194af6c0,  free space=1021k
Native frames: (J=compiled Java code, j=interpreted, Vv=VM code, C=native code)
V  [jvm.dll+0x128855]
V  [jvm.dll+0x34a9fd]
C  [jdwp.dll+0x21a15]
C  [jdwp.dll+0x53b3]
C  [jdwp.dll+0x5571]
C  [jdwp.dll+0xf0a8]
C  [jdwp.dll+0x1f2d5]
C  [jdwp.dll+0x1f4aa]
V  [jvm.dll+0x1bb8f8]
V  [jvm.dll+0x243144]
V  [jvm.dll+0x299f7a]
C  [msvcr100.dll+0x21d9f]
C  [msvcr100.dll+0x21e3b]
C  [kernel32.dll+0x159bd]
C  [ntdll.dll+0x2a2e1]


---------------  P R O C E S S  ---------------

Java Threads: ( => current thread )
  0x000000001ac28800 JavaThread "Keep-Alive-Timer" daemon [_thread_blocked, id=9596, stack(0x0000000027ed0000,0x0000000027fd0000)]
  0x000000001ac28000 JavaThread "hystrix-zh-dao-10" daemon [_thread_blocked, id=9672, stack(0x0000000027bc0000,0x0000000027cc0000)]
  0x000000001ac26800 JavaThread "hystrix-zh-dao-9" daemon [_thread_blocked, id=9932, stack(0x0000000026e30000,0x0000000026f30000)]
  0x000000001ac27000 JavaThread "hystrix-zh-dao-8" daemon [_thread_blocked, id=9436, stack(0x0000000027dd0000,0x0000000027ed0000)]
  0x000000001ac25800 JavaThread "hystrix-zh-dao-7" daemon [_thread_blocked, id=8008, stack(0x00000000279e0000,0x0000000027ae0000)]
  0x000000001ac24800 JavaThread "hystrix-zh-dao-6" daemon [_thread_blocked, id=9404, stack(0x00000000254a0000,0x00000000255a0000)]
  0x000000001ac24000 JavaThread "http-nio-5555-exec-10" daemon [_thread_blocked, id=9400, stack(0x00000000277e0000,0x00000000278e0000)]
  0x000000001ac23000 JavaThread "http-nio-5555-exec-9" daemon [_thread_blocked, id=8764, stack(0x0000000025840000,0x0000000025940000)]
  0x000000001ac22800 JavaThread "hystrix-zh-dao-5" daemon [_thread_blocked, id=8780, stack(0x0000000027630000,0x0000000027730000)]
  0x000000001aa3f800 JavaThread "http-nio-5555-exec-8" daemon [_thread_blocked, id=7172, stack(0x0000000026d20000,0x0000000026e20000)]
  0x000000001aa43800 JavaThread "http-nio-5555-exec-7" daemon [_thread_blocked, id=8232, stack(0x00000000274d0000,0x00000000275d0000)]
  0x000000001aa42800 JavaThread "hystrix-zh-dao-4" daemon [_thread_blocked, id=6468, stack(0x0000000019530000,0x0000000019630000)]
  0x000000001aa42000 JavaThread "HystrixTimer-4" daemon [_thread_blocked, id=9128, stack(0x0000000027370000,0x0000000027470000)]
  0x000000001aa41000 JavaThread "http-nio-5555-exec-6" daemon [_thread_blocked, id=6820, stack(0x0000000027150000,0x0000000027250000)]
  0x000000001aa40800 JavaThread "AsyncResolver-bootstrap-executor-0" daemon [_thread_blocked, id=7652, stack(0x0000000026fa0000,0x00000000270a0000)]
  0x000000001aa3f000 JavaThread "hystrix-zh-dao-3" daemon [_thread_blocked, id=8724, stack(0x0000000026510000,0x0000000026610000)]
  0x000000001aa3e000 JavaThread "HystrixTimer-3" daemon [_thread_blocked, id=8972, stack(0x0000000025fd0000,0x00000000260d0000)]
  0x000000001aa3d800 JavaThread "http-nio-5555-exec-5" daemon [_thread_blocked, id=8968, stack(0x0000000026ba0000,0x0000000026ca0000)]
  0x000000001aa3c800 JavaThread "http-nio-5555-exec-4" daemon [_thread_blocked, id=9152, stack(0x0000000026a40000,0x0000000026b40000)]
  0x000000001e4f7800 JavaThread "hystrix-zh-dao-2" daemon [_thread_blocked, id=8784, stack(0x0000000026640000,0x0000000026740000)]
  0x000000001e4f7000 JavaThread "HystrixTimer-2" daemon [_thread_blocked, id=9196, stack(0x00000000260f0000,0x00000000261f0000)]
  0x000000001e4f6000 JavaThread "http-nio-5555-exec-3" daemon [_thread_blocked, id=7384, stack(0x0000000025ed0000,0x0000000025fd0000)]
  0x000000001e4f5800 JavaThread "http-nio-5555-exec-2" daemon [_thread_blocked, id=9144, stack(0x00000000255a0000,0x00000000256a0000)]
  0x000000001e4f4800 JavaThread "PollingServerListUpdater-1" daemon [_thread_blocked, id=7860, stack(0x00000000241c0000,0x00000000242c0000)]
  0x000000001e4f4000 JavaThread "DataPublisher" daemon [_thread_blocked, id=8188, stack(0x0000000025c40000,0x0000000025d40000)]
  0x000000001e4f3000 JavaThread "PollingServerListUpdater-0" daemon [_thread_blocked, id=9208, stack(0x00000000262c0000,0x00000000263c0000)]
  0x0000000020d31800 JavaThread "NFLoadBalancer-PingTimer-zh-dao" daemon [_thread_blocked, id=7480, stack(0x0000000024ec0000,0x0000000024fc0000)]
  0x000000001e4f2800 JavaThread "hystrix-zh-dao-1" daemon [_thread_blocked, id=8668, stack(0x0000000026410000,0x0000000026510000)]
  0x000000001e4f1800 JavaThread "HystrixTimer-1" daemon [_thread_blocked, id=7840, stack(0x0000000025120000,0x0000000025220000)]
  0x000000001e4f1000 JavaThread "RxComputationScheduler-3" daemon [_thread_blocked, id=8460, stack(0x0000000025d50000,0x0000000025e50000)]
  0x000000001eda9000 JavaThread "RxComputationScheduler-2" daemon [_thread_blocked, id=8848, stack(0x0000000025b40000,0x0000000025c40000)]
  0x000000001eda8800 JavaThread "RxComputationScheduler-1" daemon [_thread_blocked, id=8168, stack(0x0000000025950000,0x0000000025a50000)]
  0x000000001eda7800 JavaThread "RxIoScheduler-1 (Evictor)" daemon [_thread_blocked, id=7476, stack(0x0000000025730000,0x0000000025830000)]
  0x000000001eda7000 JavaThread "http-nio-5555-exec-1" daemon [_thread_blocked, id=7680, stack(0x0000000024560000,0x0000000024660000)]
  0x000000001eda6000 JavaThread "DiscoveryClient-2" daemon [_thread_blocked, id=9084, stack(0x000000001bb90000,0x000000001bc90000)]
  0x000000001eda5800 JavaThread "DiscoveryClient-HeartbeatExecutor-0" daemon [_thread_blocked, id=9076, stack(0x00000000240a0000,0x00000000241a0000)]
  0x000000001eda4800 JavaThread "DiscoveryClient-CacheRefreshExecutor-0" daemon [_thread_blocked, id=9060, stack(0x0000000023f90000,0x0000000024090000)]
  0x000000001eda4000 JavaThread "DestroyJavaVM" [_thread_blocked, id=8412, stack(0x0000000002680000,0x0000000002780000)]
  0x000000001eda3000 JavaThread "http-nio-5555-AsyncTimeout" daemon [_thread_blocked, id=8468, stack(0x0000000024fd0000,0x00000000250d0000)]
  0x000000001eda2800 JavaThread "http-nio-5555-Acceptor-0" daemon [_thread_in_native, id=8464, stack(0x0000000022cf0000,0x0000000022df0000)]
  0x0000000020d38000 JavaThread "http-nio-5555-ClientPoller-1" daemon [_thread_in_native, id=8808, stack(0x0000000024b80000,0x0000000024c80000)]
  0x0000000020d37800 JavaThread "http-nio-5555-ClientPoller-0" daemon [_thread_in_native, id=8800, stack(0x0000000024d20000,0x0000000024e20000)]
  0x0000000020d36800 JavaThread "NioBlockingSelector.BlockPoller-1" daemon [_thread_in_native, id=8752, stack(0x000000001fd10000,0x000000001fe10000)]
  0x0000000020d36000 JavaThread "DiscoveryClient-InstanceInfoReplicator-0" daemon [_thread_blocked, id=8744, stack(0x00000000249c0000,0x0000000024ac0000)]
  0x0000000020d35000 JavaThread "DiscoveryClient-1" daemon [_thread_blocked, id=7288, stack(0x0000000024840000,0x0000000024940000)]
  0x0000000020d34800 JavaThread "DiscoveryClient-0" daemon [_thread_blocked, id=8740, stack(0x00000000246f0000,0x00000000247f0000)]
  0x0000000020d33800 JavaThread "AsyncResolver-bootstrap-0" daemon [_thread_blocked, id=4672, stack(0x00000000216a0000,0x00000000217a0000)]
  0x0000000020d33000 JavaThread "Eureka-JerseyClient-Conn-Cleaner2" daemon [_thread_blocked, id=8732, stack(0x0000000019bd0000,0x0000000019cd0000)]
  0x0000000020d32000 JavaThread "Eureka-JerseyClient-Conn-Cleaner2" daemon [_thread_blocked, id=8728, stack(0x00000000200f0000,0x00000000201f0000)]
  0x000000001a4b9800 JavaThread "spring.cloud.inetutils" daemon [_thread_blocked, id=6920, stack(0x0000000019730000,0x0000000019830000)]
  0x0000000020d08800 JavaThread "container-0" [_thread_blocked, id=8688, stack(0x000000001e9f0000,0x000000001eaf0000)]
  0x000000001a5b7000 JavaThread "ContainerBackgroundProcessor[StandardEngine[Tomcat].StandardHost[localhost].StandardContext[]]" daemon [_thread_blocked, id=6976, stack(0x0000000022e20000,0x0000000022f20000)]
  0x0000000018a67000 JavaThread "Service Thread" daemon [_thread_blocked, id=7376, stack(0x0000000019d00000,0x0000000019e00000)]
  0x00000000189f4800 JavaThread "C1 CompilerThread2" daemon [_thread_blocked, id=8652, stack(0x00000000199a0000,0x0000000019aa0000)]
  0x00000000189e3000 JavaThread "C2 CompilerThread1" daemon [_thread_blocked, id=5856, stack(0x0000000019ad0000,0x0000000019bd0000)]
  0x00000000189de000 JavaThread "C2 CompilerThread0" daemon [_thread_blocked, id=3648, stack(0x0000000019060000,0x0000000019160000)]
  0x00000000189d2000 JavaThread "JDWP Command Reader" daemon [_thread_in_native, id=8616, stack(0x0000000019840000,0x0000000019940000)]
  0x00000000189cc800 JavaThread "JDWP Event Helper Thread" daemon [_thread_blocked, id=6432, stack(0x0000000019630000,0x0000000019730000)]
=>0x00000000189c7000 JavaThread "JDWP Transport Listener: dt_socket" daemon [_thread_in_vm, id=8444, stack(0x00000000193b0000,0x00000000194b0000)]
  0x00000000189b2800 JavaThread "Attach Listener" daemon [_thread_blocked, id=8536, stack(0x0000000018f60000,0x0000000019060000)]
  0x0000000017733000 JavaThread "Signal Dispatcher" daemon [_thread_blocked, id=8320, stack(0x0000000018720000,0x0000000018820000)]
  0x00000000176dc800 JavaThread "Finalizer" daemon [_thread_blocked, id=8316, stack(0x00000000188a0000,0x00000000189a0000)]
  0x00000000176d5800 JavaThread "Reference Handler" daemon [_thread_blocked, id=8304, stack(0x0000000018620000,0x0000000018720000)]

Other Threads:
  0x00000000176d0000 VMThread [stack: 0x0000000018520000,0x0000000018620000] [id=8312]
  0x0000000018ab0800 WatcherThread [stack: 0x0000000019e70000,0x0000000019f70000] [id=7576]

VM state:not at safepoint (normal execution)

VM Mutex/Monitor currently owned by a thread: None

Heap:
 PSYoungGen      total 217088K, used 65757K [0x00000000d6000000, 0x00000000e9000000, 0x0000000100000000)
  eden space 202752K, 25% used [0x00000000d6000000,0x00000000d923ac00,0x00000000e2600000)
  from space 14336K, 99% used [0x00000000e2600000,0x00000000e33fca30,0x00000000e3400000)
  to   space 21504K, 0% used [0x00000000e7b00000,0x00000000e7b00000,0x00000000e9000000)
 ParOldGen       total 93184K, used 36025K [0x0000000082000000, 0x0000000087b00000, 0x00000000d6000000)
  object space 93184K, 38% used [0x0000000082000000,0x000000008432e638,0x0000000087b00000)
 Metaspace       used 45664K, capacity 46208K, committed 46592K, reserved 1089536K
  class space    used 5712K, capacity 5878K, committed 5888K, reserved 1048576K

Card table byte_map: [0x0000000011bc0000,0x0000000011fc0000] byte_map_base: 0x00000000117b0000

Marking Bits: (ParMarkBitMap*) 0x0000000068d1a5b0
 Begin Bits: [0x0000000012a50000, 0x00000000149d0000)
 End Bits:   [0x00000000149d0000, 0x0000000016950000)

Polling page: 0x0000000000120000

CodeCache: size=245760Kb used=17364Kb max_used=17381Kb free=228395Kb
 bounds [0x0000000002800000, 0x0000000003920000, 0x0000000011800000]
 total_blobs=5576 nmethods=5111 adapters=383
 compilation: enabled

Compilation events (10 events):
Event: 1647.866 Thread 0x00000000189f4800 nmethod 6123 0x0000000002ec5590 code [0x0000000002ec56e0, 0x0000000002ec57f0]
Event: 1647.867 Thread 0x00000000189f4800 6124       1       com.google.common.cache.LocalCache$StrongAccessEntry::getNextInAccessQueue (5 bytes)
Event: 1647.867 Thread 0x00000000189f4800 nmethod 6124 0x0000000002ec52d0 code [0x0000000002ec5420, 0x0000000002ec5530]
Event: 1647.867 Thread 0x00000000189f4800 6125       3       com.google.common.cache.LocalCache::connectAccessOrder (15 bytes)
Event: 1647.867 Thread 0x00000000189f4800 nmethod 6125 0x000000000355bfd0 code [0x000000000355c140, 0x000000000355c418]
Event: 1647.867 Thread 0x00000000189f4800 6126       3       java.net.InetAddress$Cache::getPolicy (18 bytes)
Event: 1647.867 Thread 0x00000000189f4800 nmethod 6126 0x00000000037c1dd0 code [0x00000000037c1f40, 0x00000000037c2410]
Event: 1647.869 Thread 0x00000000189f4800 6127       1       java.net.Proxy::type (5 bytes)
Event: 1647.869 Thread 0x00000000189f4800 nmethod 6127 0x0000000002ec4f90 code [0x0000000002ec50e0, 0x0000000002ec51f0]
Event: 1647.890 Thread 0x00000000189de000 nmethod 6118 0x000000000390e910 code [0x000000000390eb80, 0x00000000039101d0]

GC Heap History (10 events):
Event: 5.350 GC heap before
{Heap before GC invocations=9 (full 1):
 PSYoungGen      total 133120K, used 131655K [0x00000000d6000000, 0x00000000e0b00000, 0x0000000100000000)
  eden space 122880K, 100% used [0x00000000d6000000,0x00000000dd800000,0x00000000dd800000)
  from space 10240K, 85% used [0x00000000dd800000,0x00000000de091c08,0x00000000de200000)
  to   space 11264K, 0% used [0x00000000e0000000,0x00000000e0000000,0x00000000e0b00000)
 ParOldGen       total 62464K, used 9796K [0x0000000082000000, 0x0000000085d00000, 0x00000000d6000000)
  object space 62464K, 15% used [0x0000000082000000,0x0000000082991290,0x0000000085d00000)
 Metaspace       used 30350K, capacity 30716K, committed 30976K, reserved 1077248K
  class space    used 3633K, capacity 3744K, committed 3840K, reserved 1048576K
Event: 5.405 GC heap after
Heap after GC invocations=9 (full 1):
 PSYoungGen      total 163328K, used 9674K [0x00000000d6000000, 0x00000000e3380000, 0x0000000100000000)
  eden space 152064K, 0% used [0x00000000d6000000,0x00000000d6000000,0x00000000df480000)
  from space 11264K, 85% used [0x00000000e0000000,0x00000000e0972908,0x00000000e0b00000)
  to   space 11776K, 0% used [0x00000000df480000,0x00000000df480000,0x00000000e0000000)
 ParOldGen       total 62464K, used 9804K [0x0000000082000000, 0x0000000085d00000, 0x00000000d6000000)
  object space 62464K, 15% used [0x0000000082000000,0x0000000082993290,0x0000000085d00000)
 Metaspace       used 30350K, capacity 30716K, committed 30976K, reserved 1077248K
  class space    used 3633K, capacity 3744K, committed 3840K, reserved 1048576K
}
Event: 6.994 GC heap before
{Heap before GC invocations=10 (full 1):
 PSYoungGen      total 163328K, used 161738K [0x00000000d6000000, 0x00000000e3380000, 0x0000000100000000)
  eden space 152064K, 100% used [0x00000000d6000000,0x00000000df480000,0x00000000df480000)
  from space 11264K, 85% used [0x00000000e0000000,0x00000000e0972908,0x00000000e0b00000)
  to   space 11776K, 0% used [0x00000000df480000,0x00000000df480000,0x00000000e0000000)
 ParOldGen       total 62464K, used 9804K [0x0000000082000000, 0x0000000085d00000, 0x00000000d6000000)
  object space 62464K, 15% used [0x0000000082000000,0x0000000082993290,0x0000000085d00000)
 Metaspace       used 32644K, capacity 33060K, committed 33536K, reserved 1079296K
  class space    used 3938K, capacity 4044K, committed 4096K, reserved 1048576K
Event: 7.026 GC heap after
Heap after GC invocations=10 (full 1):
 PSYoungGen      total 163840K, used 11770K [0x00000000d6000000, 0x00000000e4180000, 0x0000000100000000)
  eden space 152064K, 0% used [0x00000000d6000000,0x00000000d6000000,0x00000000df480000)
  from space 11776K, 99% used [0x00000000df480000,0x00000000dfffe870,0x00000000e0000000)
  to   space 13824K, 0% used [0x00000000e3400000,0x00000000e3400000,0x00000000e4180000)
 ParOldGen       total 62464K, used 11204K [0x0000000082000000, 0x0000000085d00000, 0x00000000d6000000)
  object space 62464K, 17% used [0x0000000082000000,0x0000000082af1150,0x0000000085d00000)
 Metaspace       used 32644K, capacity 33060K, committed 33536K, reserved 1079296K
  class space    used 3938K, capacity 4044K, committed 4096K, reserved 1048576K
}
Event: 7.325 GC heap before
{Heap before GC invocations=11 (full 1):
 PSYoungGen      total 163840K, used 33173K [0x00000000d6000000, 0x00000000e4180000, 0x0000000100000000)
  eden space 152064K, 14% used [0x00000000d6000000,0x00000000d74e6e68,0x00000000df480000)
  from space 11776K, 99% used [0x00000000df480000,0x00000000dfffe870,0x00000000e0000000)
  to   space 13824K, 0% used [0x00000000e3400000,0x00000000e3400000,0x00000000e4180000)
 ParOldGen       total 62464K, used 11204K [0x0000000082000000, 0x0000000085d00000, 0x00000000d6000000)
  object space 62464K, 17% used [0x0000000082000000,0x0000000082af1150,0x0000000085d00000)
 Metaspace       used 34908K, capacity 35252K, committed 35496K, reserved 1081344K
  class space    used 4229K, capacity 4344K, committed 4352K, reserved 1048576K
Event: 7.342 GC heap after
Heap after GC invocations=11 (full 1):
 PSYoungGen      total 216576K, used 9745K [0x00000000d6000000, 0x00000000e4880000, 0x0000000100000000)
  eden space 202752K, 0% used [0x00000000d6000000,0x00000000d6000000,0x00000000e2600000)
  from space 13824K, 70% used [0x00000000e3400000,0x00000000e3d845c0,0x00000000e4180000)
  to   space 14336K, 0% used [0x00000000e2600000,0x00000000e2600000,0x00000000e3400000)
 ParOldGen       total 62464K, used 15056K [0x0000000082000000, 0x0000000085d00000, 0x00000000d6000000)
  object space 62464K, 24% used [0x0000000082000000,0x0000000082eb41d0,0x0000000085d00000)
 Metaspace       used 34908K, capacity 35252K, committed 35496K, reserved 1081344K
  class space    used 4229K, capacity 4344K, committed 4352K, reserved 1048576K
}
Event: 7.342 GC heap before
{Heap before GC invocations=12 (full 2):
 PSYoungGen      total 216576K, used 9745K [0x00000000d6000000, 0x00000000e4880000, 0x0000000100000000)
  eden space 202752K, 0% used [0x00000000d6000000,0x00000000d6000000,0x00000000e2600000)
  from space 13824K, 70% used [0x00000000e3400000,0x00000000e3d845c0,0x00000000e4180000)
  to   space 14336K, 0% used [0x00000000e2600000,0x00000000e2600000,0x00000000e3400000)
 ParOldGen       total 62464K, used 15056K [0x0000000082000000, 0x0000000085d00000, 0x00000000d6000000)
  object space 62464K, 24% used [0x0000000082000000,0x0000000082eb41d0,0x0000000085d00000)
 Metaspace       used 34908K, capacity 35252K, committed 35496K, reserved 1081344K
  class space    used 4229K, capacity 4344K, committed 4352K, reserved 1048576K
Event: 7.450 GC heap after
Heap after GC invocations=12 (full 2):
 PSYoungGen      total 216576K, used 0K [0x00000000d6000000, 0x00000000e4880000, 0x0000000100000000)
  eden space 202752K, 0% used [0x00000000d6000000,0x00000000d6000000,0x00000000e2600000)
  from space 13824K, 0% used [0x00000000e3400000,0x00000000e3400000,0x00000000e4180000)
  to   space 14336K, 0% used [0x00000000e2600000,0x00000000e2600000,0x00000000e3400000)
 ParOldGen       total 93184K, used 21087K [0x0000000082000000, 0x0000000087b00000, 0x00000000d6000000)
  object space 93184K, 22% used [0x0000000082000000,0x0000000083497e38,0x0000000087b00000)
 Metaspace       used 34908K, capacity 35252K, committed 35496K, reserved 1081344K
  class space    used 4229K, capacity 4344K, committed 4352K, reserved 1048576K
}
Event: 307.224 GC heap before
{Heap before GC invocations=13 (full 2):
 PSYoungGen      total 216576K, used 202752K [0x00000000d6000000, 0x00000000e4880000, 0x0000000100000000)
  eden space 202752K, 100% used [0x00000000d6000000,0x00000000e2600000,0x00000000e2600000)
  from space 13824K, 0% used [0x00000000e3400000,0x00000000e3400000,0x00000000e4180000)
  to   space 14336K, 0% used [0x00000000e2600000,0x00000000e2600000,0x00000000e3400000)
 ParOldGen       total 93184K, used 21087K [0x0000000082000000, 0x0000000087b00000, 0x00000000d6000000)
  object space 93184K, 22% used [0x0000000082000000,0x0000000083497e38,0x0000000087b00000)
 Metaspace       used 45291K, capacity 45794K, committed 46336K, reserved 1089536K
  class space    used 5704K, capacity 5873K, committed 5888K, reserved 1048576K
Event: 307.265 GC heap after
Heap after GC invocations=13 (full 2):
 PSYoungGen      total 217088K, used 14322K [0x00000000d6000000, 0x00000000e9000000, 0x0000000100000000)
  eden space 202752K, 0% used [0x00000000d6000000,0x00000000d6000000,0x00000000e2600000)
  from space 14336K, 99% used [0x00000000e2600000,0x00000000e33fca30,0x00000000e3400000)
  to   space 21504K, 0% used [0x00000000e7b00000,0x00000000e7b00000,0x00000000e9000000)
 ParOldGen       total 93184K, used 36025K [0x0000000082000000, 0x0000000087b00000, 0x00000000d6000000)
  object space 93184K, 38% used [0x0000000082000000,0x000000008432e638,0x0000000087b00000)
 Metaspace       used 45291K, capacity 45794K, committed 46336K, reserved 1089536K
  class space    used 5704K, capacity 5873K, committed 5888K, reserved 1048576K
}

Deoptimization events (10 events):
Event: 721.225 Thread 0x000000001ac25800 Uncommon trap: reason=unhandled action=none pc=0x00000000035ee114 method=java.net.URLClassLoader.findClass(Ljava/lang/String;)Ljava/lang/Class; @ 44
Event: 727.722 Thread 0x000000001ac27000 Uncommon trap: reason=unhandled action=none pc=0x0000000002b77f80 method=java.net.URLClassLoader.findClass(Ljava/lang/String;)Ljava/lang/Class; @ 44
Event: 727.722 Thread 0x000000001ac27000 Uncommon trap: reason=unhandled action=none pc=0x00000000035ee114 method=java.net.URLClassLoader.findClass(Ljava/lang/String;)Ljava/lang/Class; @ 44
Event: 803.652 Thread 0x000000001ac26800 Uncommon trap: reason=unhandled action=none pc=0x0000000002b77f80 method=java.net.URLClassLoader.findClass(Ljava/lang/String;)Ljava/lang/Class; @ 44
Event: 803.652 Thread 0x000000001ac26800 Uncommon trap: reason=unhandled action=none pc=0x00000000035ee114 method=java.net.URLClassLoader.findClass(Ljava/lang/String;)Ljava/lang/Class; @ 44
Event: 878.763 Thread 0x000000001eda4800 Uncommon trap: reason=unstable_if action=reinterpret pc=0x00000000036e457c method=java.util.concurrent.locks.AbstractQueuedSynchronizer.acquire(I)V @ 5
Event: 998.844 Thread 0x000000001eda4800 Uncommon trap: reason=unstable_if action=reinterpret pc=0x0000000002ba6cf0 method=java.util.concurrent.locks.AbstractQueuedSynchronizer.acquire(I)V @ 5
Event: 1321.693 Thread 0x000000001ac24000 Uncommon trap: reason=null_check action=make_not_entrant pc=0x000000000388e46c method=org.springframework.core.annotation.AnnotatedElementUtils.searchWithFindSemantics(Ljava/lang/reflect/AnnotatedElement;Ljava/lang/Class;Ljava/lang/String;Ljava/lang/Class;øW¹"~Ë”@
Event: 1330.873 Thread 0x000000001ac28000 Uncommon trap: reason=unhandled action=none pc=0x0000000002b77f80 method=java.net.URLClassLoader.findClass(Ljava/lang/String;)Ljava/lang/Class; @ 44
Event: 1330.874 Thread 0x000000001ac28000 Uncommon trap: reason=unhandled action=none pc=0x00000000035ee114 method=java.net.URLClassLoader.findClass(Ljava/lang/String;)Ljava/lang/Class; @ 44

Internal exceptions (10 events):
Event: 976.089 Thread 0x000000001aa3f800 Exception <a 'java/lang/reflect/InvocationTargetException'> (0x00000000d83c4b38) thrown at [C:\workspace\8-2-build-windows-amd64-cygwin\jdk8u65\4987\hotspot\src\share\vm\runtime\reflection.cpp, line 1092]
Event: 1088.878 Thread 0x000000001eda5800 Exception <a 'java/net/SocketTimeoutException': Read timed out> (0x00000000d82c5458) thrown at [C:\workspace\8-2-build-windows-amd64-cygwin\jdk8u65\4987\hotspot\src\share\vm\prims\jni.cpp, line 735]
Event: 1118.883 Thread 0x000000001eda5800 Exception <a 'java/net/SocketTimeoutException': Read timed out> (0x00000000d82cf308) thrown at [C:\workspace\8-2-build-windows-amd64-cygwin\jdk8u65\4987\hotspot\src\share\vm\prims\jni.cpp, line 735]
Event: 1148.891 Thread 0x000000001eda5800 Exception <a 'java/net/SocketTimeoutException': Read timed out> (0x00000000d82d91b8) thrown at [C:\workspace\8-2-build-windows-amd64-cygwin\jdk8u65\4987\hotspot\src\share\vm\prims\jni.cpp, line 735]
Event: 1178.903 Thread 0x000000001eda5800 Exception <a 'java/net/SocketTimeoutException': Read timed out> (0x00000000d82e3068) thrown at [C:\workspace\8-2-build-windows-amd64-cygwin\jdk8u65\4987\hotspot\src\share\vm\prims\jni.cpp, line 735]
Event: 1208.912 Thread 0x000000001eda5800 Exception <a 'java/net/SocketTimeoutException': Read timed out> (0x00000000d82ecf18) thrown at [C:\workspace\8-2-build-windows-amd64-cygwin\jdk8u65\4987\hotspot\src\share\vm\prims\jni.cpp, line 735]
Event: 1298.963 Thread 0x000000001eda5800 Exception <a 'java/net/SocketTimeoutException': Read timed out> (0x00000000d87eabb0) thrown at [C:\workspace\8-2-build-windows-amd64-cygwin\jdk8u65\4987\hotspot\src\share\vm\prims\jni.cpp, line 735]
Event: 1321.693 Thread 0x000000001ac24000 Implicit null exception at 0x0000000003881eef to 0x000000000388e451
Event: 1322.703 Thread 0x000000001ac24000 Exception <a 'java/lang/reflect/InvocationTargetException'> (0x00000000d8b38948) thrown at [C:\workspace\8-2-build-windows-amd64-cygwin\jdk8u65\4987\hotspot\src\share\vm\runtime\reflection.cpp, line 1092]
Event: 1322.704 Thread 0x000000001ac24000 Exception <a 'java/lang/reflect/InvocationTargetException'> (0x00000000d8b38f28) thrown at [C:\workspace\8-2-build-windows-amd64-cygwin\jdk8u65\4987\hotspot\src\share\vm\runtime\reflection.cpp, line 1092]

Events (10 events):
Event: 1647.867 Thread 0x000000001ac28000 DEOPT UNPACKING pc=0x000000000284787f sp=0x0000000027cbd4a0 mode 1
Event: 1647.907 Thread 0x000000001ac28000 DEOPT PACKING pc=0x00000000038ecfec sp=0x0000000027cbd390
Event: 1647.907 Thread 0x000000001ac28000 DEOPT UNPACKING pc=0x000000000284787f sp=0x0000000027cbd208 mode 1
Event: 1647.907 Thread 0x000000001ac28000 DEOPT PACKING pc=0x00000000038f956c sp=0x0000000027cbd580
Event: 1647.907 Thread 0x000000001ac28000 DEOPT UNPACKING pc=0x000000000284787f sp=0x0000000027cbd2b0 mode 1
Event: 1647.907 Thread 0x000000001ac28000 DEOPT PACKING pc=0x00000000038ecfec sp=0x0000000027cbd450
Event: 1647.907 Thread 0x000000001ac28000 DEOPT UNPACKING pc=0x000000000284787f sp=0x0000000027cbd2c8 mode 1
Event: 1647.907 Thread 0x000000001ac28000 DEOPT PACKING pc=0x00000000038f956c sp=0x0000000027cbd640
Event: 1647.907 Thread 0x000000001ac28000 DEOPT UNPACKING pc=0x000000000284787f sp=0x0000000027cbd370 mode 1
Event: 1647.908 Thread 0x000000001ac28800 Thread added: 0x000000001ac28800


Dynamic libraries:
0x000000013fb30000 - 0x000000013fb67000 	D:\jdk1.8\bin\javaw.exe
0x0000000077360000 - 0x000000007750a000 	C:\Windows\SYSTEM32\ntdll.dll
0x0000000077240000 - 0x000000007735f000 	C:\Windows\system32\kernel32.dll
0x000007fefdb20000 - 0x000007fefdb8a000 	C:\Windows\system32\KERNELBASE.dll
0x000007fefe3b0000 - 0x000007fefe48b000 	C:\Windows\system32\ADVAPI32.dll
0x000007fefe310000 - 0x000007fefe3af000 	C:\Windows\system32\msvcrt.dll
0x000007fefe4a0000 - 0x000007fefe4bf000 	C:\Windows\SYSTEM32\sechost.dll
0x000007fefdc30000 - 0x000007fefdd5d000 	C:\Windows\system32\RPCRT4.dll
0x0000000076ea0000 - 0x0000000076f9a000 	C:\Windows\system32\USER32.dll
0x000007fefe090000 - 0x000007fefe0f7000 	C:\Windows\system32\GDI32.dll
0x000007fefe490000 - 0x000007fefe49e000 	C:\Windows\system32\LPK.dll
0x000007fefe590000 - 0x000007fefe65a000 	C:\Windows\system32\USP10.dll
0x000007fefbff0000 - 0x000007fefc1e4000 	C:\Windows\WinSxS\amd64_microsoft.windows.common-controls_6595b64144ccf1df_6.0.7601.18837_none_fa3b1e3d17594757\COMCTL32.dll
0x000007fefdd60000 - 0x000007fefddd1000 	C:\Windows\system32\SHLWAPI.dll
0x000007fefdde0000 - 0x000007fefde0e000 	C:\Windows\system32\IMM32.DLL
0x000007fefe6c0000 - 0x000007fefe7c9000 	C:\Windows\system32\MSCTF.dll
0x0000000050fd0000 - 0x00000000510a2000 	D:\jdk1.8\jre\bin\msvcr100.dll
0x0000000068510000 - 0x0000000068d99000 	D:\jdk1.8\jre\bin\server\jvm.dll
0x000007fef08f0000 - 0x000007fef08f9000 	C:\Windows\system32\WSOCK32.dll
0x000007fefe540000 - 0x000007fefe58d000 	C:\Windows\system32\WS2_32.dll
0x000007fefe7d0000 - 0x000007fefe7d8000 	C:\Windows\system32\NSI.dll
0x000007fefb360000 - 0x000007fefb39b000 	C:\Windows\system32\WINMM.dll
0x000007fefc920000 - 0x000007fefc92c000 	C:\Windows\system32\VERSION.dll
0x0000000077530000 - 0x0000000077537000 	C:\Windows\system32\PSAPI.DLL
0x0000000068500000 - 0x000000006850f000 	D:\jdk1.8\jre\bin\verify.dll
0x00000000684d0000 - 0x00000000684f9000 	D:\jdk1.8\jre\bin\java.dll
0x000000005b6a0000 - 0x000000005b6d5000 	D:\jdk1.8\jre\bin\jdwp.dll
0x000000005b440000 - 0x000000005b448000 	D:\jdk1.8\jre\bin\npt.dll
0x00000000684b0000 - 0x00000000684c6000 	D:\jdk1.8\jre\bin\zip.dll
0x000007fefe800000 - 0x000007feff589000 	C:\Windows\system32\SHELL32.dll
0x000007fefe100000 - 0x000007fefe303000 	C:\Windows\system32\ole32.dll
0x000007fefd7c0000 - 0x000007fefd7cf000 	C:\Windows\system32\profapi.dll
0x000000005b400000 - 0x000000005b409000 	D:\jdk1.8\jre\bin\dt_socket.dll
0x000007fefb4e0000 - 0x000007fefb4f5000 	C:\Windows\system32\NLAapi.dll
0x000007fef9a30000 - 0x000007fef9a45000 	C:\Windows\system32\napinsp.dll
0x000007fef9990000 - 0x000007fef99a9000 	C:\Windows\system32\pnrpnsp.dll
0x000007fefcff0000 - 0x000007fefd045000 	C:\Windows\System32\mswsock.dll
0x000007fefce70000 - 0x000007fefcecb000 	C:\Windows\system32\DNSAPI.dll
0x000007fef9a20000 - 0x000007fef9a2b000 	C:\Windows\System32\winrnr.dll
0x000007fefaf20000 - 0x000007fefaf47000 	C:\Windows\system32\IPHLPAPI.DLL
0x000007fefaf00000 - 0x000007fefaf0b000 	C:\Windows\system32\WINNSI.DLL
0x000007fefadb0000 - 0x000007fefae03000 	C:\Windows\System32\fwpuclnt.dll
0x000007fef8e20000 - 0x000007fef8e28000 	C:\Windows\system32\rasadhlp.dll
0x000007fefc9f0000 - 0x000007fefc9f7000 	C:\Windows\System32\wshtcpip.dll
0x0000000068490000 - 0x00000000684aa000 	D:\jdk1.8\jre\bin\net.dll
0x000007fefcfe0000 - 0x000007fefcfe7000 	C:\Windows\System32\wship6.dll
0x000007fefad10000 - 0x000007fefad21000 	C:\Windows\system32\dhcpcsvc6.DLL
0x000007fefacf0000 - 0x000007fefad08000 	C:\Windows\system32\dhcpcsvc.DLL
0x000000005b360000 - 0x000000005b36d000 	D:\jdk1.8\jre\bin\management.dll
0x0000000068470000 - 0x0000000068481000 	D:\jdk1.8\jre\bin\nio.dll
0x000007fefd050000 - 0x000007fefd067000 	C:\Windows\system32\CRYPTSP.dll
0x000007fefcd50000 - 0x000007fefcd97000 	C:\Windows\system32\rsaenh.dll
0x000007fefcb10000 - 0x000007fefcb2e000 	C:\Windows\system32\USERENV.dll
0x000007fefd6f0000 - 0x000007fefd6ff000 	C:\Windows\system32\CRYPTBASE.dll
0x0000000066ea0000 - 0x0000000066ec4000 	D:\jdk1.8\jre\bin\sunec.dll
0x000007fef9ea0000 - 0x000007fef9fc5000 	C:\Windows\system32\dbghelp.dll

VM Arguments:
jvm_args: -agentlib:jdwp=transport=dt_socket,suspend=y,address=localhost:56340 -Dfile.encoding=UTF-8 
java_command: com.zh.ServicApplication
java_class_path (initial): E:\zh_gitRep\zh_springboot_springcloud\zh_root\zh_service\target\classes;E:\zh_gitRep\zh_springboot_springcloud\zh_root\zh_model\target\classes;D:\mvnRepository\repository\javax\persistence\persistence-api\1.0\persistence-api-1.0.jar;D:\mvnRepository\repository\com\fasterxml\jackson\core\jackson-annotations\2.8.1\jackson-annotations-2.8.1.jar;D:\mvnRepository\repository\com\fasterxml\jackson\core\jackson-core\2.8.1\jackson-core-2.8.1.jar;D:\mvnRepository\repository\com\fasterxml\jackson\core\jackson-databind\2.8.1\jackson-databind-2.8.1.jar;D:\mvnRepository\repository\org\springframework\cloud\spring-cloud-starter-feign\1.1.6.RELEASE\spring-cloud-starter-feign-1.1.6.RELEASE.jar;D:\mvnRepository\repository\org\springframework\cloud\spring-cloud-starter\1.1.3.RELEASE\spring-cloud-starter-1.1.3.RELEASE.jar;D:\mvnRepository\repository\org\springframework\cloud\spring-cloud-context\1.1.3.RELEASE\spring-cloud-context-1.1.3.RELEASE.jar;D:\mvnRepository\repository\org\springframework\security\spring-security-rsa\1.0.1.RELEASE\spring-security-rsa-1.0.1.RELEASE.jar;D:\mvnRepository\repository\org\bouncycastle\bcpkix-jdk15on\1.47\bcpkix-jdk15on-1.47.jar;D:\mvnRepository\repository\org\bouncycastle\bcprov-jdk15on\1.47\bcprov-jdk15on-1.47.jar;D:\mvnRepository\repository\org\springframework\cloud\spring-cloud-netflix-core\1.1.6.RELEASE\spring-cloud-netflix-core-1.1.6.RELEASE.jar;D:\mvnRepository\repository\org\springframework\boot\spring-boot\1.4.0.RELEASE\spring-boot-1.4.0.RELEASE.jar;D:\mvnRepository\repository\org\springframework\boot\spring-boot-autoconfigure\1.4.0.RELEASE\spring-boot-autoconfigure-1.4.0.RELEASE.jar;D:\mvnRepository\repository\org\springframework\spring-web\4.3.2.RELEASE\spring-web-4.3.2.RELEASE.jar;D:\mvnRepository\repository\org\springframework\spring-beans\4.3.2.RELEASE\spring-beans-4.3.2.RELEASE.jar;D:\mvnRepository\repository\org\springframework\spring-context\4.3.2.RELEASE\spring-context-4.3.2.RELEASE.jar;D:\mvnRepository\re
Launcher Type: SUN_STANDARD

Environment Variables:
JAVA_HOME=D:\jdk1.8
PATH=D:\jdk1.8\jre\bin;D:/jdk1.8/bin/../jre/bin/server;D:/jdk1.8/bin/../jre/bin;D:/jdk1.8/bin/../jre/lib/amd64;D:\Documents\Downloads\UnxUtils\usr\local\wbin;E:\sonar-runner-2.4\bin;D:\maven3.3.3\bin;D:\jdk1.8\bin;C:\Windows\system32;C:\Windows;C:\Windows\System32\Wbem;C:\Windows\System32\WindowsPowerShell\v1.0\;D:\¹¤¾ß\eclipse-jee-neon-R-win32-x86_64\eclipse;
USERNAME=Administrator
OS=Windows_NT
PROCESSOR_IDENTIFIER=Intel64 Family 6 Model 60 Stepping 3, GenuineIntel



---------------  S Y S T E M  ---------------

OS: Windows 7 , 64 bit Build 7601 (6.1.7601.23418)

CPU:total 4 (2 cores per cpu, 2 threads per core) family 6 model 60 stepping 3, cmov, cx8, fxsr, mmx, sse, sse2, sse3, ssse3, sse4.1, sse4.2, popcnt, avx, avx2, aes, clmul, erms, lzcnt, ht, tsc, tscinvbit, bmi1, bmi2

Memory: 4k page, physical 8253764k(868472k free), swap 16505668k(4910908k free)

vm_info: Java HotSpot(TM) 64-Bit Server VM (25.65-b01) for windows-amd64 JRE (1.8.0_65-b17), built on Oct  6 2015 16:39:20 by "java_re" with MS VC++ 10.0 (VS2010)

time: Wed Jan 11 17:54:00 2017
elapsed time: 1648 seconds (0d 0h 27m 28s)

